# JRE version: Java(TM) SE Runtime Environment (8.0_162-b12) (build 1.8.0_162-b12)
# Java VM: Java HotSpot(TM) 64-Bit Server VM (25.162-b12 mixed mode windows-amd64 compressed oops)
Heap:
 PSYoungGen      total 87552K, used 55479K [0x000000076af80000, 0x0000000773b00000, 0x00000007c0000000)
  eden space 86528K, 63% used [0x000000076af80000,0x000000076e4e5db8,0x0000000770400000)
  from space 1024K, 78% used [0x0000000773a00000,0x0000000773ac8000,0x0000000773b00000)
  to   space 10752K, 0% used [0x0000000772600000,0x0000000772600000,0x0000000773080000)
 ParOldGen       total 112128K, used 99879K [0x00000006c0e00000, 0x00000006c7b80000, 0x000000076af80000)
  object space 112128K, 89% used [0x00000006c0e00000,0x00000006c6f89cf0,0x00000006c7b80000)
 Metaspace       used 19573K, capacity 19804K, committed 20224K, reserved 1067008K
  class space    used 2380K, capacity 2481K, committed 2560K, reserved 1048576K
GC Heap History (10 events):
Event: 12.984 GC heap before
{Heap before GC invocations=2 (full 0):
 PSYoungGen      total 76288K, used 5187K [0x000000076af80000, 0x0000000770480000, 0x00000007c0000000)
  eden space 65536K, 0% used [0x000000076af80000,0x000000076af80000,0x000000076ef80000)
  from space 10752K, 48% used [0x000000076ef80000,0x000000076f490e88,0x000000076fa00000)
  to   space 10752K, 0% used [0x000000076fa00000,0x000000076fa00000,0x0000000770480000)
 ParOldGen       total 175104K, used 32K [0x00000006c0e00000, 0x00000006cb900000, 0x000000076af80000)
  object space 175104K, 0% used [0x00000006c0e00000,0x00000006c0e08000,0x00000006cb900000)
 Metaspace       used 18614K, capacity 18830K, committed 19072K, reserved 1067008K
  class space    used 2305K, capacity 2392K, committed 2432K, reserved 1048576K
Event: 12.987 GC heap after
Heap after GC invocations=2 (full 0):
 PSYoungGen      total 76288K, used 5225K [0x000000076af80000, 0x0000000774480000, 0x00000007c0000000)
  eden space 65536K, 0% used [0x000000076af80000,0x000000076af80000,0x000000076ef80000)
  from space 10752K, 48% used [0x000000076fa00000,0x000000076ff1a5f0,0x0000000770480000)
  to   space 10752K, 0% used [0x000000076ef80000,0x000000076ef80000,0x000000076fa00000)
 ParOldGen       total 175104K, used 40K [0x00000006c0e00000, 0x00000006cb900000, 0x000000076af80000)
  object space 175104K, 0% used [0x00000006c0e00000,0x00000006c0e0a000,0x00000006cb900000)
 Metaspace       used 18614K, capacity 18830K, committed 19072K, reserved 1067008K
  class space    used 2305K, capacity 2392K, committed 2432K, reserved 1048576K
}
Event: 12.987 GC heap before
{Heap before GC invocations=3 (full 1):
 PSYoungGen      total 76288K, used 5225K [0x000000076af80000, 0x0000000774480000, 0x00000007c0000000)
  eden space 65536K, 0% used [0x000000076af80000,0x000000076af80000,0x000000076ef80000)
  from space 10752K, 48% used [0x000000076fa00000,0x000000076ff1a5f0,0x0000000770480000)
  to   space 10752K, 0% used [0x000000076ef80000,0x000000076ef80000,0x000000076fa00000)
 ParOldGen       total 175104K, used 40K [0x00000006c0e00000, 0x00000006cb900000, 0x000000076af80000)
  object space 175104K, 0% used [0x00000006c0e00000,0x00000006c0e0a000,0x00000006cb900000)
 Metaspace       used 18614K, capacity 18830K, committed 19072K, reserved 1067008K
  class space    used 2305K, capacity 2392K, committed 2432K, reserved 1048576K
Event: 13.006 GC heap after
Heap after GC invocations=3 (full 1):
 PSYoungGen      total 76288K, used 0K [0x000000076af80000, 0x0000000774480000, 0x00000007c0000000)
  eden space 65536K, 0% used [0x000000076af80000,0x000000076af80000,0x000000076ef80000)
  from space 10752K, 0% used [0x000000076fa00000,0x000000076fa00000,0x0000000770480000)
  to   space 10752K, 0% used [0x000000076ef80000,0x000000076ef80000,0x000000076fa00000)
 ParOldGen       total 71168K, used 5010K [0x00000006c0e00000, 0x00000006c5380000, 0x000000076af80000)
  object space 71168K, 7% used [0x00000006c0e00000,0x00000006c12e4b48,0x00000006c5380000)
 Metaspace       used 18614K, capacity 18830K, committed 19072K, reserved 1067008K
  class space    used 2305K, capacity 2392K, committed 2432K, reserved 1048576K
}
Event: 13.006 GC heap before
{Heap before GC invocations=4 (full 1):
 PSYoungGen      total 76288K, used 0K [0x000000076af80000, 0x0000000774480000, 0x00000007c0000000)
  eden space 65536K, 0% used [0x000000076af80000,0x000000076af80000,0x000000076ef80000)
  from space 10752K, 0% used [0x000000076fa00000,0x000000076fa00000,0x0000000770480000)
  to   space 10752K, 0% used [0x000000076ef80000,0x000000076ef80000,0x000000076fa00000)
 ParOldGen       total 71168K, used 5010K [0x00000006c0e00000, 0x00000006c5380000, 0x000000076af80000)
  object space 71168K, 7% used [0x00000006c0e00000,0x00000006c12e4b48,0x00000006c5380000)
 Metaspace       used 18614K, capacity 18830K, committed 19072K, reserved 1067008K
  class space    used 2305K, capacity 2392K, committed 2432K, reserved 1048576K
Event: 13.007 GC heap after
Heap after GC invocations=4 (full 1):
 PSYoungGen      total 76288K, used 0K [0x000000076af80000, 0x0000000774480000, 0x00000007c0000000)
  eden space 65536K, 0% used [0x000000076af80000,0x000000076af80000,0x000000076ef80000)
  from space 10752K, 0% used [0x000000076ef80000,0x000000076ef80000,0x000000076fa00000)
  to   space 10752K, 0% used [0x0000000773a00000,0x0000000773a00000,0x0000000774480000)
 ParOldGen       total 71168K, used 5010K [0x00000006c0e00000, 0x00000006c5380000, 0x000000076af80000)
  object space 71168K, 7% used [0x00000006c0e00000,0x00000006c12e4b48,0x00000006c5380000)
 Metaspace       used 18614K, capacity 18830K, committed 19072K, reserved 1067008K
  class space    used 2305K, capacity 2392K, committed 2432K, reserved 1048576K
}
Event: 13.007 GC heap before
{Heap before GC invocations=5 (full 2):
 PSYoungGen      total 76288K, used 0K [0x000000076af80000, 0x0000000774480000, 0x00000007c0000000)
  eden space 65536K, 0% used [0x000000076af80000,0x000000076af80000,0x000000076ef80000)
  from space 10752K, 0% used [0x000000076ef80000,0x000000076ef80000,0x000000076fa00000)
  to   space 10752K, 0% used [0x0000000773a00000,0x0000000773a00000,0x0000000774480000)
 ParOldGen       total 71168K, used 5010K [0x00000006c0e00000, 0x00000006c5380000, 0x000000076af80000)
  object space 71168K, 7% used [0x00000006c0e00000,0x00000006c12e4b48,0x00000006c5380000)
 Metaspace       used 18614K, capacity 18830K, committed 19072K, reserved 1067008K
  class space    used 2305K, capacity 2392K, committed 2432K, reserved 1048576K
Event: 13.050 GC heap after
Heap after GC invocations=5 (full 2):
 PSYoungGen      total 76288K, used 0K [0x000000076af80000, 0x0000000774480000, 0x00000007c0000000)
  eden space 65536K, 0% used [0x000000076af80000,0x000000076af80000,0x000000076ef80000)
  from space 10752K, 0% used [0x000000076ef80000,0x000000076ef80000,0x000000076fa00000)
  to   space 10752K, 0% used [0x0000000773a00000,0x0000000773a00000,0x0000000774480000)
 ParOldGen       total 112128K, used 4798K [0x00000006c0e00000, 0x00000006c7b80000, 0x000000076af80000)
  object space 112128K, 4% used [0x00000006c0e00000,0x00000006c12afb60,0x00000006c7b80000)
 Metaspace       used 18602K, capacity 18812K, committed 19072K, reserved 1067008K
  class space    used 2301K, capacity 2385K, committed 2432K, reserved 1048576K
}
Event: 24.510 GC heap before
{Heap before GC invocations=6 (full 2):
 PSYoungGen      total 76288K, used 65536K [0x000000076af80000, 0x0000000774480000, 0x00000007c0000000)
  eden space 65536K, 100% used [0x000000076af80000,0x000000076ef80000,0x000000076ef80000)
  from space 10752K, 0% used [0x000000076ef80000,0x000000076ef80000,0x000000076fa00000)
  to   space 10752K, 0% used [0x0000000773a00000,0x0000000773a00000,0x0000000774480000)
 ParOldGen       total 112128K, used 99871K [0x00000006c0e00000, 0x00000006c7b80000, 0x000000076af80000)
  object space 112128K, 89% used [0x00000006c0e00000,0x00000006c6f87cf0,0x00000006c7b80000)
 Metaspace       used 19000K, capacity 19228K, committed 19584K, reserved 1067008K
  class space    used 2324K, capacity 2417K, committed 2432K, reserved 1048576K
Event: 24.512 GC heap after
Heap after GC invocations=6 (full 2):
 PSYoungGen      total 87552K, used 800K [0x000000076af80000, 0x0000000773b00000, 0x00000007c0000000)
  eden space 86528K, 0% used [0x000000076af80000,0x000000076af80000,0x0000000770400000)
  from space 1024K, 78% used [0x0000000773a00000,0x0000000773ac8000,0x0000000773b00000)
  to   space 10752K, 0% used [0x0000000772600000,0x0000000772600000,0x0000000773080000)
 ParOldGen       total 112128K, used 99879K [0x00000006c0e00000, 0x00000006c7b80000, 0x000000076af80000)
  object space 112128K, 89% used [0x00000006c0e00000,0x00000006c6f89cf0,0x00000006c7b80000)
 Metaspace       used 19000K, capacity 19228K, committed 19584K, reserved 1067008K
  class space    used 2324K, capacity 2417K, committed 2432K, reserved 1048576K
}

